<?xml version="1.0" encoding="UTF-8"?>
<!-- Generated by org.testng.reporters.JUnitReportReporter -->
<testsuite hostname="ahmad-WX-3" failures="0" tests="5" name="com.project.reqres.Get_req" time="1.068" errors="0" timestamp="2022-03-01T20:25:47 IST" skipped="0">
  <testcase classname="com.project.reqres.Get_req" name="GetAllUser" time="1.061"/>
  <system-out/>
  <testcase classname="com.project.reqres.Get_req" name="checkStatusLine" time="0.001"/>
  <system-out/>
  <testcase classname="com.project.reqres.Get_req" name="checkStatusCode" time="0.001"/>
  <system-out/>
  <testcase classname="com.project.reqres.Get_req" name="checkContentType" time="0.004"/>
  <system-out/>
  <testcase classname="com.project.reqres.Get_req" name="checkResponseBody" time="0.001"/>
  <system-out/>
</testsuite> <!-- com.project.reqres.Get_req -->
