<?xml version="1.0" encoding="UTF-8"?>
<!-- Generated by org.testng.reporters.JUnitReportReporter -->
<testsuite hostname="ahmad-WX-3" failures="0" tests="4" name="com.project.reqres.Post_req" time="0.018" errors="0" timestamp="2022-03-01T20:18:29 IST" skipped="0">
  <testcase classname="com.project.reqres.Post_req" name="checkContentType" time="0.011"/>
  <system-out/>
  <testcase classname="com.project.reqres.Post_req" name="checkResponseBody" time="0.001"/>
  <system-out/>
  <testcase classname="com.project.reqres.Post_req" name="checkStatusCode" time="0.005"/>
  <system-out/>
  <testcase classname="com.project.reqres.Post_req" name="checkStatusLine" time="0.001"/>
  <system-out/>
</testsuite> <!-- com.project.reqres.Post_req -->
